<?xml version='1.0' encoding='UTF-8'?>
<testsuite hostname="jongsangLinux" name="vfrope.RoPEBackCoreTest" tests="1" errors="0" failures="0" skipped="0" time="1.783" timestamp="2024-09-19T16:11:42">
                     <properties>
[...]
</properties>
                     <testcase classname="vfrope.RoPEBackCoreTest" name="RoPE_core_FP32 should run first" time="1.783">
                                                 
                                               </testcase>
                     <system-out><![CDATA[]]></system-out>
                     <system-err><![CDATA[]]></system-err>
                   </testsuite>